The system is: Windows - 10.0.19042 - AMD64
Compiling the C compiler identification source file "CMakeCCompilerId.c" succeeded.
Compiler: C:/Program Files (x86)/Microsoft Visual Studio/2019/Community/VC/Tools/MSVC/14.23.28105/bin/Hostx86/x86/cl.exe 
Build flags: 
Id flags:  

The output was:
0
Microsoft (R) C/C++ Optimizing Compiler Version 19.23.28106.4 for x86
Copyright (C) Microsoft Corporation.  All rights reserved.

CMakeCCompilerId.c
Microsoft (R) Incremental Linker Version 14.23.28106.4
Copyright (C) Microsoft Corporation.  All rights reserved.

/out:CMakeCCompilerId.exe 
CMakeCCompilerId.obj 


Compilation of the C compiler identification source "CMakeCCompilerId.c" produced "CMakeCCompilerId.exe"

Compilation of the C compiler identification source "CMakeCCompilerId.c" produced "CMakeCCompilerId.obj"

The C compiler identification is MSVC, found in "D:/university/term 1/mabani/project/cmake-build-debug/CMakeFiles/3.17.3/CompilerIdC/CMakeCCompilerId.exe"

Determining if the C compiler works passed with the following output:
Change Dir: D:/university/term 1/mabani/project/cmake-build-debug/CMakeFiles/CMakeTmp

Run Build Command(s):nmake /nologo cmTC_057e7\fast && 	"C:\Program Files (x86)\Microsoft Visual Studio\2019\Community\VC\Tools\MSVC\14.23.28105\bin\HostX86\x86\nmake.exe"  -f CMakeFiles\cmTC_057e7.dir\build.make /nologo -L                  CMakeFiles\cmTC_057e7.dir\build
Building C object CMakeFiles/cmTC_057e7.dir/testCCompiler.c.obj
	C:\PROGRA~2\MICROS~2\2019\COMMUN~1\VC\Tools\MSVC\1423~1.281\bin\Hostx86\x86\cl.exe @C:\Users\MASHAD~1.IR\AppData\Local\Temp\nmBF61.tmp
testCCompiler.c
Linking C executable cmTC_057e7.exe
	"D:\programming\clion\CLion 2020.3\bin\cmake\win\bin\cmake.exe" -E vs_link_exe --intdir=CMakeFiles\cmTC_057e7.dir --rc=C:\PROGRA~2\WI3CF2~1\10\bin\100183~1.0\x86\rc.exe --mt=C:\PROGRA~2\WI3CF2~1\10\bin\100183~1.0\x86\mt.exe --manifests  -- C:\PROGRA~2\MICROS~2\2019\COMMUN~1\VC\Tools\MSVC\1423~1.281\bin\Hostx86\x86\link.exe /nologo @CMakeFiles\cmTC_057e7.dir\objects1.rsp @C:\Users\MASHAD~1.IR\AppData\Local\Temp\nmC108.tmp



Detecting C compiler ABI info compiled with the following output:
Change Dir: D:/university/term 1/mabani/project/cmake-build-debug/CMakeFiles/CMakeTmp

Run Build Command(s):nmake /nologo cmTC_d6b25\fast && 	"C:\Program Files (x86)\Microsoft Visual Studio\2019\Community\VC\Tools\MSVC\14.23.28105\bin\HostX86\x86\nmake.exe"  -f CMakeFiles\cmTC_d6b25.dir\build.make /nologo -L                  CMakeFiles\cmTC_d6b25.dir\build
Building C object CMakeFiles/cmTC_d6b25.dir/CMakeCCompilerABI.c.obj
	C:\PROGRA~2\MICROS~2\2019\COMMUN~1\VC\Tools\MSVC\1423~1.281\bin\Hostx86\x86\cl.exe @C:\Users\MASHAD~1.IR\AppData\Local\Temp\nmC481.tmp
CMakeCCompilerABI.c
Linking C executable cmTC_d6b25.exe
	"D:\programming\clion\CLion 2020.3\bin\cmake\win\bin\cmake.exe" -E vs_link_exe --intdir=CMakeFiles\cmTC_d6b25.dir --rc=C:\PROGRA~2\WI3CF2~1\10\bin\100183~1.0\x86\rc.exe --mt=C:\PROGRA~2\WI3CF2~1\10\bin\100183~1.0\x86\mt.exe --manifests  -- C:\PROGRA~2\MICROS~2\2019\COMMUN~1\VC\Tools\MSVC\1423~1.281\bin\Hostx86\x86\link.exe /nologo @CMakeFiles\cmTC_d6b25.dir\objects1.rsp @C:\Users\MASHAD~1.IR\AppData\Local\Temp\nmC4D0.tmp



